- download metadata from metadata format 'eml'
 -- resumptionToken MToxMDB8Mjp8Mzp8NDp8NTplbWw=
 -- resumptionToken MToyMDB8Mjp8Mzp8NDp8NTplbWw=
 -- resumptionToken MTozMDB8Mjp8Mzp8NDp8NTplbWw=
 -- resumptionToken MTo0MDB8Mjp8Mzp8NDp8NTplbWw=
 -- resumptionToken MTo1MDB8Mjp8Mzp8NDp8NTplbWw=
 -- resumptionToken MTo2MDB8Mjp8Mzp8NDp8NTplbWw=
 -- resumptionToken MTo3MDB8Mjp8Mzp8NDp8NTplbWw=
 -- resumptionToken MTo4MDB8Mjp8Mzp8NDp8NTplbWw=
 -- resumptionToken MTo5MDB8Mjp8Mzp8NDp8NTplbWw=
 -- resumptionToken MToxMDAwfDI6fDM6fDQ6fDU6ZW1s
 -- resumptionToken MToxMTAwfDI6fDM6fDQ6fDU6ZW1s
 -- resumptionToken MToxMjAwfDI6fDM6fDQ6fDU6ZW1s
 -- resumptionToken MToxMzAwfDI6fDM6fDQ6fDU6ZW1s
 -- resumptionToken MToxNDAwfDI6fDM6fDQ6fDU6ZW1s
 -- resumptionToken MToxNTAwfDI6fDM6fDQ6fDU6ZW1s
 -- resumptionToken MToxNjAwfDI6fDM6fDQ6fDU6ZW1s
 -- resumptionToken MToxNzAwfDI6fDM6fDQ6fDU6ZW1s
 -- resumptionToken MToxODAwfDI6fDM6fDQ6fDU6ZW1s
 -- resumptionToken MToxOTAwfDI6fDM6fDQ6fDU6ZW1s
 -- resumptionToken MToyMDAwfDI6fDM6fDQ6fDU6ZW1s
 -- resumptionToken MToyMTAwfDI6fDM6fDQ6fDU6ZW1s
 -- resumptionToken MToyMjAwfDI6fDM6fDQ6fDU6ZW1s
 -- resumptionToken MToyMzAwfDI6fDM6fDQ6fDU6ZW1s
 -- resumptionToken MToyNDAwfDI6fDM6fDQ6fDU6ZW1s
 -- resumptionToken MToyNTAwfDI6fDM6fDQ6fDU6ZW1s
 -- resumptionToken MToyNjAwfDI6fDM6fDQ6fDU6ZW1s
 -- resumptionToken MToyNzAwfDI6fDM6fDQ6fDU6ZW1s
 -- resumptionToken MToyODAwfDI6fDM6fDQ6fDU6ZW1s
 -- resumptionToken MToyOTAwfDI6fDM6fDQ6fDU6ZW1s
 -- resumptionToken MTozMDAwfDI6fDM6fDQ6fDU6ZW1s
 -- resumptionToken MTozMTAwfDI6fDM6fDQ6fDU6ZW1s
 -- resumptionToken MTozMjAwfDI6fDM6fDQ6fDU6ZW1s
 -- resumptionToken MTozMzAwfDI6fDM6fDQ6fDU6ZW1s
 -- resumptionToken MTozNDAwfDI6fDM6fDQ6fDU6ZW1s
 -- resumptionToken MTozNTAwfDI6fDM6fDQ6fDU6ZW1s
 -- resumptionToken MTozNjAwfDI6fDM6fDQ6fDU6ZW1s
 -- resumptionToken MTozNzAwfDI6fDM6fDQ6fDU6ZW1s
 -- resumptionToken MTozODAwfDI6fDM6fDQ6fDU6ZW1s
 -- resumptionToken MTozOTAwfDI6fDM6fDQ6fDU6ZW1s
 -- resumptionToken MTo0MDAwfDI6fDM6fDQ6fDU6ZW1s
 -- resumptionToken MTo0MTAwfDI6fDM6fDQ6fDU6ZW1s
 -- resumptionToken MTo0MjAwfDI6fDM6fDQ6fDU6ZW1s
 -- resumptionToken MTo0MzAwfDI6fDM6fDQ6fDU6ZW1s
 -- resumptionToken MTo0NDAwfDI6fDM6fDQ6fDU6ZW1s
 -- resumptionToken MTo0NTAwfDI6fDM6fDQ6fDU6ZW1s
 -- resumptionToken MTo0NjAwfDI6fDM6fDQ6fDU6ZW1s
 -- resumptionToken MTo0NzAwfDI6fDM6fDQ6fDU6ZW1s
 -- resumptionToken MTo0ODAwfDI6fDM6fDQ6fDU6ZW1s
 -- resumptionToken MTo0OTAwfDI6fDM6fDQ6fDU6ZW1s
 -- resumptionToken MTo1MDAwfDI6fDM6fDQ6fDU6ZW1s
 -- resumptionToken MTo1MTAwfDI6fDM6fDQ6fDU6ZW1s
 -- resumptionToken MTo1MjAwfDI6fDM6fDQ6fDU6ZW1s
 -- resumptionToken MTo1MzAwfDI6fDM6fDQ6fDU6ZW1s
 -- resumptionToken MTo1NDAwfDI6fDM6fDQ6fDU6ZW1s
 -- resumptionToken MTo1NTAwfDI6fDM6fDQ6fDU6ZW1s
 -- resumptionToken MTo1NjAwfDI6fDM6fDQ6fDU6ZW1s
 -- resumptionToken MTo1NzAwfDI6fDM6fDQ6fDU6ZW1s
 -- resumptionToken MTo1ODAwfDI6fDM6fDQ6fDU6ZW1s
 -- resumptionToken MTo1OTAwfDI6fDM6fDQ6fDU6ZW1s
 -- resumptionToken MTo2MDAwfDI6fDM6fDQ6fDU6ZW1s
 -- resumptionToken MTo2MTAwfDI6fDM6fDQ6fDU6ZW1s
 -- resumptionToken MTo2MjAwfDI6fDM6fDQ6fDU6ZW1s
 -- resumptionToken MTo2MzAwfDI6fDM6fDQ6fDU6ZW1s
 -- resumptionToken MTo2NDAwfDI6fDM6fDQ6fDU6ZW1s
 -- resumptionToken MTo2NTAwfDI6fDM6fDQ6fDU6ZW1s
 -- resumptionToken MTo2NjAwfDI6fDM6fDQ6fDU6ZW1s
 -- resumptionToken MTo2NzAwfDI6fDM6fDQ6fDU6ZW1s
 -- resumptionToken MTo2ODAwfDI6fDM6fDQ6fDU6ZW1s
 -- resumptionToken MTo2OTAwfDI6fDM6fDQ6fDU6ZW1s
 -- resumptionToken MTo3MDAwfDI6fDM6fDQ6fDU6ZW1s
 -- resumptionToken MTo3MTAwfDI6fDM6fDQ6fDU6ZW1s
 -- resumptionToken MTo3MjAwfDI6fDM6fDQ6fDU6ZW1s
 -- resumptionToken MTo3MzAwfDI6fDM6fDQ6fDU6ZW1s
 -- resumptionToken MTo3NDAwfDI6fDM6fDQ6fDU6ZW1s
 -- resumptionToken MTo3NTAwfDI6fDM6fDQ6fDU6ZW1s
 -- resumptionToken MTo3NjAwfDI6fDM6fDQ6fDU6ZW1s
 -- resumptionToken MTo3NzAwfDI6fDM6fDQ6fDU6ZW1s
 -- resumptionToken MTo3ODAwfDI6fDM6fDQ6fDU6ZW1s
 -- resumptionToken MTo3OTAwfDI6fDM6fDQ6fDU6ZW1s
 -- resumptionToken MTo4MDAwfDI6fDM6fDQ6fDU6ZW1s
 -- resumptionToken MTo4MTAwfDI6fDM6fDQ6fDU6ZW1s
 -- resumptionToken MTo4MjAwfDI6fDM6fDQ6fDU6ZW1s
 -- resumptionToken MTo4MzAwfDI6fDM6fDQ6fDU6ZW1s
 -- resumptionToken MTo4NDAwfDI6fDM6fDQ6fDU6ZW1s
 -- resumptionToken MTo4NTAwfDI6fDM6fDQ6fDU6ZW1s
 -- resumptionToken MTo4NjAwfDI6fDM6fDQ6fDU6ZW1s
 -- resumptionToken MTo4NzAwfDI6fDM6fDQ6fDU6ZW1s
 -- resumptionToken MTo4ODAwfDI6fDM6fDQ6fDU6ZW1s
 -- resumptionToken MTo4OTAwfDI6fDM6fDQ6fDU6ZW1s
 -- resumptionToken MTo5MDAwfDI6fDM6fDQ6fDU6ZW1s
 -- resumptionToken MTo5MTAwfDI6fDM6fDQ6fDU6ZW1s
 -- resumptionToken MTo5MjAwfDI6fDM6fDQ6fDU6ZW1s
 -- resumptionToken MTo5MzAwfDI6fDM6fDQ6fDU6ZW1s
 -- resumptionToken MTo5NDAwfDI6fDM6fDQ6fDU6ZW1s
 -- resumptionToken MTo5NTAwfDI6fDM6fDQ6fDU6ZW1s
 -- resumptionToken MTo5NjAwfDI6fDM6fDQ6fDU6ZW1s
 -- resumptionToken MTo5NzAwfDI6fDM6fDQ6fDU6ZW1s
 -- resumptionToken MTo5ODAwfDI6fDM6fDQ6fDU6ZW1s
 -- resumptionToken MTo5OTAwfDI6fDM6fDQ6fDU6ZW1s
 -- resumptionToken MToxMDAwMHwyOnwzOnw0Onw1OmVtbA==
 -- resumptionToken MToxMDEwMHwyOnwzOnw0Onw1OmVtbA==
 -- resumptionToken MToxMDIwMHwyOnwzOnw0Onw1OmVtbA==
 -- resumptionToken MToxMDMwMHwyOnwzOnw0Onw1OmVtbA==
 -- resumptionToken MToxMDQwMHwyOnwzOnw0Onw1OmVtbA==
 -- resumptionToken MToxMDUwMHwyOnwzOnw0Onw1OmVtbA==
 -- resumptionToken MToxMDYwMHwyOnwzOnw0Onw1OmVtbA==
 -- resumptionToken MToxMDcwMHwyOnwzOnw0Onw1OmVtbA==
 -- resumptionToken MToxMDgwMHwyOnwzOnw0Onw1OmVtbA==
 -- resumptionToken MToxMDkwMHwyOnwzOnw0Onw1OmVtbA==
 -- resumptionToken MToxMTAwMHwyOnwzOnw0Onw1OmVtbA==
 -- resumptionToken MToxMTEwMHwyOnwzOnw0Onw1OmVtbA==
 -- resumptionToken MToxMTIwMHwyOnwzOnw0Onw1OmVtbA==
 -- resumptionToken MToxMTMwMHwyOnwzOnw0Onw1OmVtbA==
 -- resumptionToken MToxMTQwMHwyOnwzOnw0Onw1OmVtbA==
 -- resumptionToken MToxMTUwMHwyOnwzOnw0Onw1OmVtbA==
 -- resumptionToken MToxMTYwMHwyOnwzOnw0Onw1OmVtbA==
 -- resumptionToken MToxMTcwMHwyOnwzOnw0Onw1OmVtbA==
 -- resumptionToken MToxMTgwMHwyOnwzOnw0Onw1OmVtbA==
 -- resumptionToken MToxMTkwMHwyOnwzOnw0Onw1OmVtbA==
 -- resumptionToken MToxMjAwMHwyOnwzOnw0Onw1OmVtbA==
 -- resumptionToken MToxMjEwMHwyOnwzOnw0Onw1OmVtbA==
 -- resumptionToken MToxMjIwMHwyOnwzOnw0Onw1OmVtbA==
 -- resumptionToken MToxMjMwMHwyOnwzOnw0Onw1OmVtbA==
 -- resumptionToken MToxMjQwMHwyOnwzOnw0Onw1OmVtbA==
 -- resumptionToken MToxMjUwMHwyOnwzOnw0Onw1OmVtbA==
 -- resumptionToken MToxMjYwMHwyOnwzOnw0Onw1OmVtbA==
 -- resumptionToken MToxMjcwMHwyOnwzOnw0Onw1OmVtbA==
 -- resumptionToken MToxMjgwMHwyOnwzOnw0Onw1OmVtbA==
 -- resumptionToken MToxMjkwMHwyOnwzOnw0Onw1OmVtbA==
 -- resumptionToken MToxMzAwMHwyOnwzOnw0Onw1OmVtbA==
 -- resumptionToken MToxMzEwMHwyOnwzOnw0Onw1OmVtbA==
 -- resumptionToken MToxMzIwMHwyOnwzOnw0Onw1OmVtbA==
 -- resumptionToken MToxMzMwMHwyOnwzOnw0Onw1OmVtbA==
 -- resumptionToken MToxMzQwMHwyOnwzOnw0Onw1OmVtbA==
 -- resumptionToken MToxMzUwMHwyOnwzOnw0Onw1OmVtbA==
 -- resumptionToken MToxMzYwMHwyOnwzOnw0Onw1OmVtbA==
 -- resumptionToken MToxMzcwMHwyOnwzOnw0Onw1OmVtbA==
 -- resumptionToken MToxMzgwMHwyOnwzOnw0Onw1OmVtbA==
 -- resumptionToken MToxMzkwMHwyOnwzOnw0Onw1OmVtbA==
 -- resumptionToken MToxNDAwMHwyOnwzOnw0Onw1OmVtbA==
 -- resumptionToken MToxNDEwMHwyOnwzOnw0Onw1OmVtbA==
 -- resumptionToken MToxNDIwMHwyOnwzOnw0Onw1OmVtbA==
 -- resumptionToken MToxNDMwMHwyOnwzOnw0Onw1OmVtbA==
 -- resumptionToken MToxNDQwMHwyOnwzOnw0Onw1OmVtbA==
 -- resumptionToken MToxNDUwMHwyOnwzOnw0Onw1OmVtbA==
 -- resumptionToken MToxNDYwMHwyOnwzOnw0Onw1OmVtbA==
 -- resumptionToken MToxNDcwMHwyOnwzOnw0Onw1OmVtbA==
 -- resumptionToken MToxNDgwMHwyOnwzOnw0Onw1OmVtbA==
 -- resumptionToken MToxNDkwMHwyOnwzOnw0Onw1OmVtbA==
 -- resumptionToken MToxNTAwMHwyOnwzOnw0Onw1OmVtbA==
 -- resumptionToken MToxNTEwMHwyOnwzOnw0Onw1OmVtbA==
 -- resumptionToken MToxNTIwMHwyOnwzOnw0Onw1OmVtbA==
 -- resumptionToken MToxNTMwMHwyOnwzOnw0Onw1OmVtbA==
 -- resumptionToken MToxNTQwMHwyOnwzOnw0Onw1OmVtbA==
 -- resumptionToken MToxNTUwMHwyOnwzOnw0Onw1OmVtbA==
 -- resumptionToken MToxNTYwMHwyOnwzOnw0Onw1OmVtbA==
 -- resumptionToken MToxNTcwMHwyOnwzOnw0Onw1OmVtbA==
 -- resumptionToken MToxNTgwMHwyOnwzOnw0Onw1OmVtbA==
 -- resumptionToken MToxNTkwMHwyOnwzOnw0Onw1OmVtbA==
 -- resumptionToken MToxNjAwMHwyOnwzOnw0Onw1OmVtbA==
 -- resumptionToken MToxNjEwMHwyOnwzOnw0Onw1OmVtbA==
 -- resumptionToken MToxNjIwMHwyOnwzOnw0Onw1OmVtbA==
 -- resumptionToken MToxNjMwMHwyOnwzOnw0Onw1OmVtbA==
 -- resumptionToken MToxNjQwMHwyOnwzOnw0Onw1OmVtbA==
 -- resumptionToken MToxNjUwMHwyOnwzOnw0Onw1OmVtbA==
 -- resumptionToken MToxNjYwMHwyOnwzOnw0Onw1OmVtbA==
 -- resumptionToken MToxNjcwMHwyOnwzOnw0Onw1OmVtbA==
 -- resumptionToken MToxNjgwMHwyOnwzOnw0Onw1OmVtbA==
 -- resumptionToken MToxNjkwMHwyOnwzOnw0Onw1OmVtbA==
 -- resumptionToken MToxNzAwMHwyOnwzOnw0Onw1OmVtbA==
 -- resumptionToken MToxNzEwMHwyOnwzOnw0Onw1OmVtbA==
 -- resumptionToken MToxNzIwMHwyOnwzOnw0Onw1OmVtbA==
 -- resumptionToken MToxNzMwMHwyOnwzOnw0Onw1OmVtbA==
 -- resumptionToken MToxNzQwMHwyOnwzOnw0Onw1OmVtbA==
 -- resumptionToken MToxNzUwMHwyOnwzOnw0Onw1OmVtbA==
 -- resumptionToken MToxNzYwMHwyOnwzOnw0Onw1OmVtbA==
 -- resumptionToken MToxNzcwMHwyOnwzOnw0Onw1OmVtbA==
 -- resumptionToken MToxNzgwMHwyOnwzOnw0Onw1OmVtbA==
 -- resumptionToken MToxNzkwMHwyOnwzOnw0Onw1OmVtbA==
 -- resumptionToken MToxODAwMHwyOnwzOnw0Onw1OmVtbA==
 -- resumptionToken MToxODEwMHwyOnwzOnw0Onw1OmVtbA==
 -- resumptionToken MToxODIwMHwyOnwzOnw0Onw1OmVtbA==
 -- resumptionToken MToxODMwMHwyOnwzOnw0Onw1OmVtbA==
 -- resumptionToken MToxODQwMHwyOnwzOnw0Onw1OmVtbA==
 -- resumptionToken MToxODUwMHwyOnwzOnw0Onw1OmVtbA==
 -- resumptionToken MToxODYwMHwyOnwzOnw0Onw1OmVtbA==
 -- resumptionToken MToxODcwMHwyOnwzOnw0Onw1OmVtbA==
 -- resumptionToken MToxODgwMHwyOnwzOnw0Onw1OmVtbA==
 -- resumptionToken MToxODkwMHwyOnwzOnw0Onw1OmVtbA==
 -- resumptionToken MToxOTAwMHwyOnwzOnw0Onw1OmVtbA==
 -- resumptionToken MToxOTEwMHwyOnwzOnw0Onw1OmVtbA==
 -- resumptionToken MToxOTIwMHwyOnwzOnw0Onw1OmVtbA==
 -- resumptionToken MToxOTMwMHwyOnwzOnw0Onw1OmVtbA==
 -- resumptionToken MToxOTQwMHwyOnwzOnw0Onw1OmVtbA==
 -- resumptionToken MToxOTUwMHwyOnwzOnw0Onw1OmVtbA==
 -- resumptionToken MToxOTYwMHwyOnwzOnw0Onw1OmVtbA==
 -- resumptionToken MToxOTcwMHwyOnwzOnw0Onw1OmVtbA==
 -- resumptionToken MToxOTgwMHwyOnwzOnw0Onw1OmVtbA==
 -- resumptionToken MToxOTkwMHwyOnwzOnw0Onw1OmVtbA==
 -- resumptionToken MToyMDAwMHwyOnwzOnw0Onw1OmVtbA==
 -- resumptionToken MToyMDEwMHwyOnwzOnw0Onw1OmVtbA==
 -- resumptionToken MToyMDIwMHwyOnwzOnw0Onw1OmVtbA==
 -- resumptionToken MToyMDMwMHwyOnwzOnw0Onw1OmVtbA==
 -- resumptionToken MToyMDQwMHwyOnwzOnw0Onw1OmVtbA==
 -- resumptionToken MToyMDUwMHwyOnwzOnw0Onw1OmVtbA==
 -- resumptionToken MToyMDYwMHwyOnwzOnw0Onw1OmVtbA==
 -- resumptionToken MToyMDcwMHwyOnwzOnw0Onw1OmVtbA==
 -- resumptionToken MToyMDgwMHwyOnwzOnw0Onw1OmVtbA==
 -- resumptionToken MToyMDkwMHwyOnwzOnw0Onw1OmVtbA==
 -- resumptionToken MToyMTAwMHwyOnwzOnw0Onw1OmVtbA==
 -- resumptionToken MToyMTEwMHwyOnwzOnw0Onw1OmVtbA==
 -- resumptionToken MToyMTIwMHwyOnwzOnw0Onw1OmVtbA==
 -- resumptionToken MToyMTMwMHwyOnwzOnw0Onw1OmVtbA==
 -- resumptionToken MToyMTQwMHwyOnwzOnw0Onw1OmVtbA==
 -- resumptionToken MToyMTUwMHwyOnwzOnw0Onw1OmVtbA==
 -- resumptionToken MToyMTYwMHwyOnwzOnw0Onw1OmVtbA==
 -- resumptionToken MToyMTcwMHwyOnwzOnw0Onw1OmVtbA==
 -- resumptionToken MToyMTgwMHwyOnwzOnw0Onw1OmVtbA==
 -- resumptionToken MToyMTkwMHwyOnwzOnw0Onw1OmVtbA==
 -- resumptionToken MToyMjAwMHwyOnwzOnw0Onw1OmVtbA==
 -- resumptionToken MToyMjEwMHwyOnwzOnw0Onw1OmVtbA==
 -- resumptionToken MToyMjIwMHwyOnwzOnw0Onw1OmVtbA==
 -- resumptionToken MToyMjMwMHwyOnwzOnw0Onw1OmVtbA==
 -- resumptionToken MToyMjQwMHwyOnwzOnw0Onw1OmVtbA==
 -- resumptionToken MToyMjUwMHwyOnwzOnw0Onw1OmVtbA==
 -- resumptionToken MToyMjYwMHwyOnwzOnw0Onw1OmVtbA==
 -- resumptionToken MToyMjcwMHwyOnwzOnw0Onw1OmVtbA==
 -- resumptionToken MToyMjgwMHwyOnwzOnw0Onw1OmVtbA==
 -- resumptionToken MToyMjkwMHwyOnwzOnw0Onw1OmVtbA==
 -- resumptionToken MToyMzAwMHwyOnwzOnw0Onw1OmVtbA==
 -- resumptionToken MToyMzEwMHwyOnwzOnw0Onw1OmVtbA==
 -- resumptionToken MToyMzIwMHwyOnwzOnw0Onw1OmVtbA==
 -- resumptionToken MToyMzMwMHwyOnwzOnw0Onw1OmVtbA==
 -- resumptionToken MToyMzQwMHwyOnwzOnw0Onw1OmVtbA==
 -- resumptionToken MToyMzUwMHwyOnwzOnw0Onw1OmVtbA==
 -- resumptionToken MToyMzYwMHwyOnwzOnw0Onw1OmVtbA==
 -- resumptionToken MToyMzcwMHwyOnwzOnw0Onw1OmVtbA==
 -- resumptionToken MToyMzgwMHwyOnwzOnw0Onw1OmVtbA==
 -- resumptionToken MToyMzkwMHwyOnwzOnw0Onw1OmVtbA==
 -- resumptionToken MToyNDAwMHwyOnwzOnw0Onw1OmVtbA==
 -- resumptionToken MToyNDEwMHwyOnwzOnw0Onw1OmVtbA==
 -- resumptionToken MToyNDIwMHwyOnwzOnw0Onw1OmVtbA==
 -- resumptionToken MToyNDMwMHwyOnwzOnw0Onw1OmVtbA==
 -- resumptionToken MToyNDQwMHwyOnwzOnw0Onw1OmVtbA==
 -- resumptionToken MToyNDUwMHwyOnwzOnw0Onw1OmVtbA==
 -- resumptionToken MToyNDYwMHwyOnwzOnw0Onw1OmVtbA==
 -- resumptionToken MToyNDcwMHwyOnwzOnw0Onw1OmVtbA==
 -- resumptionToken MToyNDgwMHwyOnwzOnw0Onw1OmVtbA==
 -- resumptionToken MToyNDkwMHwyOnwzOnw0Onw1OmVtbA==
 -- resumptionToken MToyNTAwMHwyOnwzOnw0Onw1OmVtbA==
 -- resumptionToken MToyNTEwMHwyOnwzOnw0Onw1OmVtbA==
 -- resumptionToken MToyNTIwMHwyOnwzOnw0Onw1OmVtbA==
 -- resumptionToken MToyNTMwMHwyOnwzOnw0Onw1OmVtbA==
 -- resumptionToken MToyNTQwMHwyOnwzOnw0Onw1OmVtbA==
 -- resumptionToken MToyNTUwMHwyOnwzOnw0Onw1OmVtbA==
 -- resumptionToken MToyNTYwMHwyOnwzOnw0Onw1OmVtbA==
 -- resumptionToken MToyNTcwMHwyOnwzOnw0Onw1OmVtbA==
 -- resumptionToken MToyNTgwMHwyOnwzOnw0Onw1OmVtbA==
 -- resumptionToken MToyNTkwMHwyOnwzOnw0Onw1OmVtbA==
 -- resumptionToken MToyNjAwMHwyOnwzOnw0Onw1OmVtbA==
 -- resumptionToken MToyNjEwMHwyOnwzOnw0Onw1OmVtbA==
 -- resumptionToken MToyNjIwMHwyOnwzOnw0Onw1OmVtbA==
 -- resumptionToken MToyNjMwMHwyOnwzOnw0Onw1OmVtbA==
 -- resumptionToken MToyNjQwMHwyOnwzOnw0Onw1OmVtbA==
 -- resumptionToken MToyNjUwMHwyOnwzOnw0Onw1OmVtbA==
 -- resumptionToken MToyNjYwMHwyOnwzOnw0Onw1OmVtbA==
 -- resumptionToken MToyNjcwMHwyOnwzOnw0Onw1OmVtbA==
 -- resumptionToken MToyNjgwMHwyOnwzOnw0Onw1OmVtbA==
 -- resumptionToken MToyNjkwMHwyOnwzOnw0Onw1OmVtbA==
 -- resumptionToken MToyNzAwMHwyOnwzOnw0Onw1OmVtbA==
 -- resumptionToken MToyNzEwMHwyOnwzOnw0Onw1OmVtbA==
 -- resumptionToken MToyNzIwMHwyOnwzOnw0Onw1OmVtbA==
 -- resumptionToken MToyNzMwMHwyOnwzOnw0Onw1OmVtbA==
 -- resumptionToken MToyNzQwMHwyOnwzOnw0Onw1OmVtbA==
 -- resumptionToken MToyNzUwMHwyOnwzOnw0Onw1OmVtbA==
 -- resumptionToken MToyNzYwMHwyOnwzOnw0Onw1OmVtbA==
 -- resumptionToken MToyNzcwMHwyOnwzOnw0Onw1OmVtbA==
 -- resumptionToken MToyNzgwMHwyOnwzOnw0Onw1OmVtbA==
 -- resumptionToken MToyNzkwMHwyOnwzOnw0Onw1OmVtbA==
 -- resumptionToken MToyODAwMHwyOnwzOnw0Onw1OmVtbA==
 -- resumptionToken MToyODEwMHwyOnwzOnw0Onw1OmVtbA==
 -- resumptionToken MToyODIwMHwyOnwzOnw0Onw1OmVtbA==
 -- resumptionToken MToyODMwMHwyOnwzOnw0Onw1OmVtbA==
 -- resumptionToken MToyODQwMHwyOnwzOnw0Onw1OmVtbA==
 -- resumptionToken MToyODUwMHwyOnwzOnw0Onw1OmVtbA==
 -- resumptionToken MToyODYwMHwyOnwzOnw0Onw1OmVtbA==
 -- resumptionToken MToyODcwMHwyOnwzOnw0Onw1OmVtbA==
 -- resumptionToken MToyODgwMHwyOnwzOnw0Onw1OmVtbA==
 -- resumptionToken MToyODkwMHwyOnwzOnw0Onw1OmVtbA==
 -- resumptionToken MToyOTAwMHwyOnwzOnw0Onw1OmVtbA==
 -- resumptionToken MToyOTEwMHwyOnwzOnw0Onw1OmVtbA==
 -- resumptionToken MToyOTIwMHwyOnwzOnw0Onw1OmVtbA==
 -- resumptionToken MToyOTMwMHwyOnwzOnw0Onw1OmVtbA==
 -- resumptionToken MToyOTQwMHwyOnwzOnw0Onw1OmVtbA==
 -- resumptionToken MToyOTUwMHwyOnwzOnw0Onw1OmVtbA==
 -- resumptionToken MToyOTYwMHwyOnwzOnw0Onw1OmVtbA==
 -- resumptionToken MToyOTcwMHwyOnwzOnw0Onw1OmVtbA==
 -- resumptionToken MToyOTgwMHwyOnwzOnw0Onw1OmVtbA==
 -- resumptionToken MToyOTkwMHwyOnwzOnw0Onw1OmVtbA==
 -- resumptionToken MTozMDAwMHwyOnwzOnw0Onw1OmVtbA==
 -- resumptionToken MTozMDEwMHwyOnwzOnw0Onw1OmVtbA==
 -- resumptionToken MTozMDIwMHwyOnwzOnw0Onw1OmVtbA==
 -- resumptionToken MTozMDMwMHwyOnwzOnw0Onw1OmVtbA==
 -- resumptionToken MTozMDQwMHwyOnwzOnw0Onw1OmVtbA==
 -- resumptionToken MTozMDUwMHwyOnwzOnw0Onw1OmVtbA==
 -- resumptionToken MTozMDYwMHwyOnwzOnw0Onw1OmVtbA==
 -- resumptionToken MTozMDcwMHwyOnwzOnw0Onw1OmVtbA==
 -- resumptionToken MTozMDgwMHwyOnwzOnw0Onw1OmVtbA==
 -- resumptionToken MTozMDkwMHwyOnwzOnw0Onw1OmVtbA==
 -- resumptionToken MTozMTAwMHwyOnwzOnw0Onw1OmVtbA==
 -- resumptionToken MTozMTEwMHwyOnwzOnw0Onw1OmVtbA==
 -- resumptionToken MTozMTIwMHwyOnwzOnw0Onw1OmVtbA==
 -- resumptionToken MTozMTMwMHwyOnwzOnw0Onw1OmVtbA==
 -- resumptionToken MTozMTQwMHwyOnwzOnw0Onw1OmVtbA==
 -- resumptionToken MTozMTUwMHwyOnwzOnw0Onw1OmVtbA==
 -- resumptionToken MTozMTYwMHwyOnwzOnw0Onw1OmVtbA==
 -- resumptionToken MTozMTcwMHwyOnwzOnw0Onw1OmVtbA==
 -- resumptionToken MTozMTgwMHwyOnwzOnw0Onw1OmVtbA==
 -- resumptionToken MTozMTkwMHwyOnwzOnw0Onw1OmVtbA==
 -- resumptionToken MTozMjAwMHwyOnwzOnw0Onw1OmVtbA==
 -- resumptionToken MTozMjEwMHwyOnwzOnw0Onw1OmVtbA==
 -- resumptionToken MTozMjIwMHwyOnwzOnw0Onw1OmVtbA==
 -- resumptionToken MTozMjMwMHwyOnwzOnw0Onw1OmVtbA==
 -- resumptionToken MTozMjQwMHwyOnwzOnw0Onw1OmVtbA==
 -- resumptionToken MTozMjUwMHwyOnwzOnw0Onw1OmVtbA==
 -- resumptionToken MTozMjYwMHwyOnwzOnw0Onw1OmVtbA==
 -- resumptionToken MTozMjcwMHwyOnwzOnw0Onw1OmVtbA==
 -- resumptionToken MTozMjgwMHwyOnwzOnw0Onw1OmVtbA==
 -- resumptionToken MTozMjkwMHwyOnwzOnw0Onw1OmVtbA==
 -- resumptionToken MTozMzAwMHwyOnwzOnw0Onw1OmVtbA==
 -- resumptionToken MTozMzEwMHwyOnwzOnw0Onw1OmVtbA==
 -- resumptionToken MTozMzIwMHwyOnwzOnw0Onw1OmVtbA==
 -- resumptionToken MTozMzMwMHwyOnwzOnw0Onw1OmVtbA==
 -- resumptionToken MTozMzQwMHwyOnwzOnw0Onw1OmVtbA==
 -- resumptionToken MTozMzUwMHwyOnwzOnw0Onw1OmVtbA==
 -- resumptionToken MTozMzYwMHwyOnwzOnw0Onw1OmVtbA==
 -- resumptionToken MTozMzcwMHwyOnwzOnw0Onw1OmVtbA==
 -- resumptionToken MTozMzgwMHwyOnwzOnw0Onw1OmVtbA==
 -- resumptionToken MTozMzkwMHwyOnwzOnw0Onw1OmVtbA==
 -- resumptionToken MTozNDAwMHwyOnwzOnw0Onw1OmVtbA==
 -- resumptionToken MTozNDEwMHwyOnwzOnw0Onw1OmVtbA==
 -- resumptionToken MTozNDIwMHwyOnwzOnw0Onw1OmVtbA==
 -- resumptionToken MTozNDMwMHwyOnwzOnw0Onw1OmVtbA==
 -- resumptionToken MTozNDQwMHwyOnwzOnw0Onw1OmVtbA==
 -- resumptionToken MTozNDUwMHwyOnwzOnw0Onw1OmVtbA==
 -- resumptionToken MTozNDYwMHwyOnwzOnw0Onw1OmVtbA==
 -- resumptionToken MTozNDcwMHwyOnwzOnw0Onw1OmVtbA==
 -- resumptionToken MTozNDgwMHwyOnwzOnw0Onw1OmVtbA==
 -- resumptionToken MTozNDkwMHwyOnwzOnw0Onw1OmVtbA==
 -- resumptionToken MTozNTAwMHwyOnwzOnw0Onw1OmVtbA==
 -- resumptionToken MTozNTEwMHwyOnwzOnw0Onw1OmVtbA==
 -- resumptionToken MTozNTIwMHwyOnwzOnw0Onw1OmVtbA==
 -- resumptionToken MTozNTMwMHwyOnwzOnw0Onw1OmVtbA==
 -- resumptionToken MTozNTQwMHwyOnwzOnw0Onw1OmVtbA==
 -- resumptionToken MTozNTUwMHwyOnwzOnw0Onw1OmVtbA==
 -- resumptionToken MTozNTYwMHwyOnwzOnw0Onw1OmVtbA==
 -- resumptionToken MTozNTcwMHwyOnwzOnw0Onw1OmVtbA==
 -- resumptionToken MTozNTgwMHwyOnwzOnw0Onw1OmVtbA==
 -- resumptionToken MTozNTkwMHwyOnwzOnw0Onw1OmVtbA==
 -- resumptionToken MTozNjAwMHwyOnwzOnw0Onw1OmVtbA==
 -- resumptionToken MTozNjEwMHwyOnwzOnw0Onw1OmVtbA==
 -- resumptionToken MTozNjIwMHwyOnwzOnw0Onw1OmVtbA==
 -- resumptionToken MTozNjMwMHwyOnwzOnw0Onw1OmVtbA==
 -- resumptionToken MTozNjQwMHwyOnwzOnw0Onw1OmVtbA==
 -- resumptionToken MTozNjUwMHwyOnwzOnw0Onw1OmVtbA==
 -- resumptionToken MTozNjYwMHwyOnwzOnw0Onw1OmVtbA==
 -- resumptionToken MTozNjcwMHwyOnwzOnw0Onw1OmVtbA==
 -- resumptionToken MTozNjgwMHwyOnwzOnw0Onw1OmVtbA==
 -- resumptionToken MTozNjkwMHwyOnwzOnw0Onw1OmVtbA==
 -- resumptionToken MTozNzAwMHwyOnwzOnw0Onw1OmVtbA==
 -- resumptionToken MTozNzEwMHwyOnwzOnw0Onw1OmVtbA==
 -- resumptionToken MTozNzIwMHwyOnwzOnw0Onw1OmVtbA==
 -- resumptionToken MTozNzMwMHwyOnwzOnw0Onw1OmVtbA==
 -- resumptionToken MTozNzQwMHwyOnwzOnw0Onw1OmVtbA==
 -- resumptionToken MTozNzUwMHwyOnwzOnw0Onw1OmVtbA==
 -- resumptionToken MTozNzYwMHwyOnwzOnw0Onw1OmVtbA==
 -- resumptionToken MTozNzcwMHwyOnwzOnw0Onw1OmVtbA==
 -- resumptionToken MTozNzgwMHwyOnwzOnw0Onw1OmVtbA==
 -- resumptionToken MTozNzkwMHwyOnwzOnw0Onw1OmVtbA==
 -- resumptionToken MTozODAwMHwyOnwzOnw0Onw1OmVtbA==
 -- resumptionToken MTozODEwMHwyOnwzOnw0Onw1OmVtbA==
 -- resumptionToken MTozODIwMHwyOnwzOnw0Onw1OmVtbA==
 -- resumptionToken MTozODMwMHwyOnwzOnw0Onw1OmVtbA==
 -- resumptionToken MTozODQwMHwyOnwzOnw0Onw1OmVtbA==
 -- resumptionToken MTozODUwMHwyOnwzOnw0Onw1OmVtbA==
 -- resumptionToken MTozODYwMHwyOnwzOnw0Onw1OmVtbA==
 -- resumptionToken MTozODcwMHwyOnwzOnw0Onw1OmVtbA==
 -- resumptionToken MTozODgwMHwyOnwzOnw0Onw1OmVtbA==
 -- resumptionToken MTozODkwMHwyOnwzOnw0Onw1OmVtbA==
 -- resumptionToken MTozOTAwMHwyOnwzOnw0Onw1OmVtbA==
 -- resumptionToken MTozOTEwMHwyOnwzOnw0Onw1OmVtbA==
 -- resumptionToken MTozOTIwMHwyOnwzOnw0Onw1OmVtbA==
 -- resumptionToken MTozOTMwMHwyOnwzOnw0Onw1OmVtbA==
 -- resumptionToken MTozOTQwMHwyOnwzOnw0Onw1OmVtbA==
 -- resumptionToken MTozOTUwMHwyOnwzOnw0Onw1OmVtbA==
 -- resumptionToken MTozOTYwMHwyOnwzOnw0Onw1OmVtbA==
 -- resumptionToken MTozOTcwMHwyOnwzOnw0Onw1OmVtbA==
 -- resumptionToken MTozOTgwMHwyOnwzOnw0Onw1OmVtbA==
 -- resumptionToken MTozOTkwMHwyOnwzOnw0Onw1OmVtbA==
 -- resumptionToken MTo0MDAwMHwyOnwzOnw0Onw1OmVtbA==
 -- resumptionToken MTo0MDEwMHwyOnwzOnw0Onw1OmVtbA==
 -- resumptionToken MTo0MDIwMHwyOnwzOnw0Onw1OmVtbA==
 -- resumptionToken MTo0MDMwMHwyOnwzOnw0Onw1OmVtbA==
 -- resumptionToken MTo0MDQwMHwyOnwzOnw0Onw1OmVtbA==
 -- resumptionToken MTo0MDUwMHwyOnwzOnw0Onw1OmVtbA==
 -- resumptionToken MTo0MDYwMHwyOnwzOnw0Onw1OmVtbA==
 -- resumptionToken MTo0MDcwMHwyOnwzOnw0Onw1OmVtbA==
 -- resumptionToken MTo0MDgwMHwyOnwzOnw0Onw1OmVtbA==
 -- resumptionToken MTo0MDkwMHwyOnwzOnw0Onw1OmVtbA==
 -- resumptionToken MTo0MTAwMHwyOnwzOnw0Onw1OmVtbA==
 -- resumptionToken MTo0MTEwMHwyOnwzOnw0Onw1OmVtbA==
 -- resumptionToken MTo0MTIwMHwyOnwzOnw0Onw1OmVtbA==
 -- resumptionToken MTo0MTMwMHwyOnwzOnw0Onw1OmVtbA==
 -- resumptionToken MTo0MTQwMHwyOnwzOnw0Onw1OmVtbA==
 -- resumptionToken MTo0MTUwMHwyOnwzOnw0Onw1OmVtbA==
 -- resumptionToken MTo0MTYwMHwyOnwzOnw0Onw1OmVtbA==
 -- resumptionToken MTo0MTcwMHwyOnwzOnw0Onw1OmVtbA==
 -- resumptionToken MTo0MTgwMHwyOnwzOnw0Onw1OmVtbA==
 -- resumptionToken MTo0MTkwMHwyOnwzOnw0Onw1OmVtbA==
 -- resumptionToken MTo0MjAwMHwyOnwzOnw0Onw1OmVtbA==
 -- resumptionToken MTo0MjEwMHwyOnwzOnw0Onw1OmVtbA==
 -- resumptionToken MTo0MjIwMHwyOnwzOnw0Onw1OmVtbA==
 -- resumptionToken MTo0MjMwMHwyOnwzOnw0Onw1OmVtbA==
 -- resumptionToken MTo0MjQwMHwyOnwzOnw0Onw1OmVtbA==
 -- resumptionToken MTo0MjUwMHwyOnwzOnw0Onw1OmVtbA==
 -- resumptionToken MTo0MjYwMHwyOnwzOnw0Onw1OmVtbA==
 -- resumptionToken MTo0MjcwMHwyOnwzOnw0Onw1OmVtbA==
 -- resumptionToken MTo0MjgwMHwyOnwzOnw0Onw1OmVtbA==
 -- resumptionToken MTo0MjkwMHwyOnwzOnw0Onw1OmVtbA==
 -- resumptionToken MTo0MzAwMHwyOnwzOnw0Onw1OmVtbA==
 -- resumptionToken MTo0MzEwMHwyOnwzOnw0Onw1OmVtbA==
 -- resumptionToken MTo0MzIwMHwyOnwzOnw0Onw1OmVtbA==
 -- resumptionToken MTo0MzMwMHwyOnwzOnw0Onw1OmVtbA==
 -- resumptionToken MTo0MzQwMHwyOnwzOnw0Onw1OmVtbA==
 -- resumptionToken MTo0MzUwMHwyOnwzOnw0Onw1OmVtbA==
 -- resumptionToken MTo0MzYwMHwyOnwzOnw0Onw1OmVtbA==
 -- resumptionToken MTo0MzcwMHwyOnwzOnw0Onw1OmVtbA==
 -- resumptionToken MTo0MzgwMHwyOnwzOnw0Onw1OmVtbA==
 -- resumptionToken MTo0MzkwMHwyOnwzOnw0Onw1OmVtbA==
 -- resumptionToken MTo0NDAwMHwyOnwzOnw0Onw1OmVtbA==
 -- resumptionToken MTo0NDEwMHwyOnwzOnw0Onw1OmVtbA==
 -- resumptionToken MTo0NDIwMHwyOnwzOnw0Onw1OmVtbA==
 -- resumptionToken MTo0NDMwMHwyOnwzOnw0Onw1OmVtbA==
 -- resumptionToken MTo0NDQwMHwyOnwzOnw0Onw1OmVtbA==
 -- resumptionToken MTo0NDUwMHwyOnwzOnw0Onw1OmVtbA==
 -- resumptionToken MTo0NDYwMHwyOnwzOnw0Onw1OmVtbA==
 -- resumptionToken MTo0NDcwMHwyOnwzOnw0Onw1OmVtbA==
 -- resumptionToken MTo0NDgwMHwyOnwzOnw0Onw1OmVtbA==
 -- resumptionToken MTo0NDkwMHwyOnwzOnw0Onw1OmVtbA==
 -- resumptionToken MTo0NTAwMHwyOnwzOnw0Onw1OmVtbA==
 -- resumptionToken MTo0NTEwMHwyOnwzOnw0Onw1OmVtbA==
 -- resumptionToken MTo0NTIwMHwyOnwzOnw0Onw1OmVtbA==
 -- resumptionToken MTo0NTMwMHwyOnwzOnw0Onw1OmVtbA==
 -- resumptionToken MTo0NTQwMHwyOnwzOnw0Onw1OmVtbA==
 -- resumptionToken MTo0NTUwMHwyOnwzOnw0Onw1OmVtbA==
 -- resumptionToken MTo0NTYwMHwyOnwzOnw0Onw1OmVtbA==
 -- resumptionToken MTo0NTcwMHwyOnwzOnw0Onw1OmVtbA==
 -- resumptionToken MTo0NTgwMHwyOnwzOnw0Onw1OmVtbA==
 -- resumptionToken MTo0NTkwMHwyOnwzOnw0Onw1OmVtbA==
 -- resumptionToken MTo0NjAwMHwyOnwzOnw0Onw1OmVtbA==
 -- resumptionToken MTo0NjEwMHwyOnwzOnw0Onw1OmVtbA==
 -- resumptionToken MTo0NjIwMHwyOnwzOnw0Onw1OmVtbA==
 -- resumptionToken MTo0NjMwMHwyOnwzOnw0Onw1OmVtbA==
 -- resumptionToken MTo0NjQwMHwyOnwzOnw0Onw1OmVtbA==
 -- resumptionToken MTo0NjUwMHwyOnwzOnw0Onw1OmVtbA==
 -- resumptionToken MTo0NjYwMHwyOnwzOnw0Onw1OmVtbA==
 -- resumptionToken MTo0NjcwMHwyOnwzOnw0Onw1OmVtbA==
 -- resumptionToken MTo0NjgwMHwyOnwzOnw0Onw1OmVtbA==
 -- resumptionToken MTo0NjkwMHwyOnwzOnw0Onw1OmVtbA==
 -- resumptionToken MTo0NzAwMHwyOnwzOnw0Onw1OmVtbA==
 -- resumptionToken MTo0NzEwMHwyOnwzOnw0Onw1OmVtbA==
 -- resumptionToken MTo0NzIwMHwyOnwzOnw0Onw1OmVtbA==
 -- resumptionToken MTo0NzMwMHwyOnwzOnw0Onw1OmVtbA==
 -- resumptionToken MTo0NzQwMHwyOnwzOnw0Onw1OmVtbA==
 -- resumptionToken MTo0NzUwMHwyOnwzOnw0Onw1OmVtbA==
 -- resumptionToken MTo0NzYwMHwyOnwzOnw0Onw1OmVtbA==
 -- resumptionToken MTo0NzcwMHwyOnwzOnw0Onw1OmVtbA==
 -- resumptionToken MTo0NzgwMHwyOnwzOnw0Onw1OmVtbA==
 -- resumptionToken MTo0NzkwMHwyOnwzOnw0Onw1OmVtbA==
 -- resumptionToken MTo0ODAwMHwyOnwzOnw0Onw1OmVtbA==
 -- resumptionToken None
